TN:
SF:src/functions/getDataFromJsonFile/getDataFromJsonFile.ts
FN:10,execute
FN:9,GetDataFromJsonFile
FNF:2
FNH:2
FNDA:1,execute
FNDA:1,GetDataFromJsonFile
DA:1,1
DA:2,1
DA:3,1
DA:4,1
DA:5,1
DA:6,1
DA:7,1
DA:8,1
DA:9,1
DA:10,1
DA:11,1
DA:12,1
DA:13,1
DA:14,1
DA:15,1
DA:16,1
DA:17,1
DA:18,1
DA:19,1
DA:20,1
DA:21,1
DA:22,1
LF:22
LH:22
BRDA:10,0,0,1
BRDA:18,1,0,0
BRDA:9,2,0,1
BRF:3
BRH:2
end_of_record
TN:
SF:src/functions/parseJsonToObject/parseJsonToObject.ts
FN:11,execute
FNF:1
FNH:1
FNDA:1,execute
DA:1,1
DA:2,1
DA:3,1
DA:4,1
DA:5,1
DA:6,1
DA:7,1
DA:8,1
DA:9,1
DA:10,1
DA:11,1
DA:12,1
DA:13,1
DA:14,1
DA:15,1
DA:16,1
LF:16
LH:16
BRDA:11,0,0,1
BRF:1
BRH:1
end_of_record
